            --------------------------------------------------------
                             AMBER SQM VERSION 19
 
                                     By
              Ross C. Walker, Michael F. Crowley, Scott Brozell,
                         Tim Giese, Andreas W. Goetz,
                        Tai-Sung Lee and David A. Case
 
            --------------------------------------------------------
 

--------------------------------------------------------------------------------
  QM CALCULATION INFO
--------------------------------------------------------------------------------

| QMMM: Citation for AMBER QMMM Run:
| QMMM: R.C. Walker, M.F. Crowley and D.A. Case, J. COMP. CHEM. 29:1019, 2008

QMMM: SINGLET STATE CALCULATION
QMMM: RHF CALCULATION, NO. OF DOUBLY OCCUPIED LEVELS = 17

| QMMM: *** Selected Hamiltonian *** 
| QMMM: AM1         

| QMMM: *** Parameter sets in use ***
| QMMM: N : M.J.S.DEWAR et al. JACS, 107, 3902, (1985)
| QMMM: C : M.J.S.DEWAR et al. JACS, 107, 3902, (1985)
| QMMM: O : M.J.S.DEWAR et al. JACS, 107, 3902, (1985)
| QMMM: S : M.J.S.DEWAR et al. INORG. CHEM., 29, 3881, (1990)
| QMMM: H : M.J.S.DEWAR et al. JACS, 107, 3902, (1985)

| QMMM: *** SCF convergence criteria ***
| QMMM: Energy change                :  0.1D-09 kcal/mol
| QMMM: Error matrix |FP-PF|         :  0.1D+00 au
| QMMM: Density matrix change        :  0.5D-06
| QMMM: Maximum number of SCF cycles :     1000

| QMMM: *** Diagonalization Routine Information ***
| QMMM: Pseudo diagonalizations are allowed.
| QMMM: Auto diagonalization routine selection is in use.
| QMMM:
| QMMM: Timing diagonalization routines:
| QMMM:                              norbs =       29
| QMMM:    diag iterations used for timing =       20
| QMMM:
| QMMM:              Internal diag routine = 0.049044 seconds
| QMMM:                 Dspev diag routine = 0.042120 seconds
| QMMM:                Dspevd diag routine = 0.022969 seconds
| QMMM:                Dspevx diag routine = 0.075384 seconds
| QMMM:                 Dsyev diag routine = 0.014953 seconds
| QMMM:                Dsyevd diag routine = 0.014019 seconds
| QMMM:                Dsyevr diag routine = 0.020748 seconds
| QMMM:
| QMMM:                Pseudo diag routine = 0.002820 seconds
| QMMM:
| QMMM: Using dsyevd routine (diag_routine=6).

  QMMM: QM Region Cartesian Coordinates (*=link atom) 
  QMMM: QM_NO.   MM_NO.  ATOM         X         Y         Z
  QMMM:     1        1      N       36.5620   33.5630   52.5860
  QMMM:     2        2      C       37.4520   32.8670   51.7190
  QMMM:     3        3      C       38.9800   33.0990   52.1040
  QMMM:     4        4      O       39.1650   33.5940   53.2530
  QMMM:     5        5      C       37.2170   33.2390   50.2620
  QMMM:     6        6      S       37.9330   32.1560   49.0050
  QMMM:     7        7      H       36.1350   34.3580   52.1990
  QMMM:     8        8      H       37.2830   31.8210   51.8680
  QMMM:     9        9      H       37.5810   34.2460   50.0400
  QMMM:    10       10      H       36.1870   33.2420   50.0620
  QMMM:    11       11      H       37.9040   30.6650   47.7500

--------------------------------------------------------------------------------
  RESULTS
--------------------------------------------------------------------------------

      iter         sqm energy              rms gradient
      ----    -------------------    -----------------------
xmin    10       10.4889 kcal/mol        2.2129 kcal/(mol*A)
xmin    20        9.4309 kcal/mol        2.9317 kcal/(mol*A)
xmin    30        9.1237 kcal/mol        0.7513 kcal/(mol*A)
xmin    40        9.1084 kcal/mol        0.8766 kcal/(mol*A)
xmin    50        8.9302 kcal/mol        0.1470 kcal/(mol*A)
xmin    60        8.9001 kcal/mol        0.2450 kcal/(mol*A)
xmin    70        8.8860 kcal/mol        0.1475 kcal/(mol*A)
xmin    80        8.8840 kcal/mol        0.0676 kcal/(mol*A)
xmin    90        8.8829 kcal/mol        0.0513 kcal/(mol*A)
xmin   100        8.8612 kcal/mol        0.5885 kcal/(mol*A)
xmin   110        8.7537 kcal/mol        2.4762 kcal/(mol*A)
xmin   120        8.1371 kcal/mol        0.4280 kcal/(mol*A)
xmin   130        7.9172 kcal/mol        0.7786 kcal/(mol*A)
xmin   140        7.8759 kcal/mol        0.2080 kcal/(mol*A)
xmin   150        7.8731 kcal/mol        0.1259 kcal/(mol*A)
xmin   160        7.7989 kcal/mol        0.1123 kcal/(mol*A)
xmin   170        7.7870 kcal/mol        0.0115 kcal/(mol*A)
xmin   180        7.7868 kcal/mol        0.0267 kcal/(mol*A)
xmin   190        7.7867 kcal/mol        0.0149 kcal/(mol*A)
xmin   200        7.7867 kcal/mol        0.0044 kcal/(mol*A)
xmin   210        7.7867 kcal/mol        0.0046 kcal/(mol*A)
xmin   220        7.7867 kcal/mol        0.0012 kcal/(mol*A)
xmin   230        7.7867 kcal/mol        0.0010 kcal/(mol*A)
xmin   240        7.7867 kcal/mol        0.0011 kcal/(mol*A)
  ... geometry converged !
 
 Final MO eigenvalues (eV):
 -40.8068  -37.2195  -30.5842  -22.4920  -21.6171  -19.0235  -17.1532  -16.6027
 -15.8701  -15.8239  -14.5831  -14.0982  -12.8739  -12.2699  -11.7756  -11.0388
  -9.2724    0.2142    1.0472    1.3490    1.4102    1.5302    3.1997    3.2296
   3.5031    3.8897    4.8399    5.7307    6.4591

 Heat of formation   =          7.78668673 kcal/mol  (        0.33765607 eV)

 Total SCF energy    =     -27055.64849962 kcal/mol  (    -1173.22095744 eV)
 Electronic energy   =     -84062.07798858 kcal/mol  (    -3645.20523779 eV)
 Core-core repulsion =      57006.42948896 kcal/mol  (     2471.98428034 eV)
 
    Atomic Charges for Step       1 :
  Atom    Element       Mulliken Charge
     1      N                 -0.239
     2      C                 -0.067
     3      C                  0.190
     4      O                 -0.191
     5      C                 -0.300
     6      S                  0.014
     7      H                  0.140
     8      H                  0.171
     9      H                  0.145
    10      H                  0.109
    11      H                  0.029
 Total Mulliken Charge =      -0.000
 
                  X        Y        Z     TOTAL  
  QM DIPOLE    -1.277    0.482   -0.723    1.544
 
 Final Structure

  QMMM: QM Region Cartesian Coordinates (*=link atom) 
  QMMM: QM_NO.   MM_NO.  ATOM         X         Y         Z
  QMMM:     1        1      N       37.0985   33.4966   52.1133
  QMMM:     2        2      C       37.6145   33.1968   50.9859
  QMMM:     3        3      C       39.5715   33.0083   53.4612
  QMMM:     4        4      O       39.0899   33.2549   54.4995
  QMMM:     5        5      C       36.9976   33.2119   49.6262
  QMMM:     6        6      S       37.2068   31.6734   48.7918
  QMMM:     7        7      H       36.1439   33.7903   52.1163
  QMMM:     8        8      H       38.6821   32.8740   51.0000
  QMMM:     9        9      H       37.5363   33.9599   48.9865
  QMMM:    10       10      H       35.9189   33.5032   49.6560
  QMMM:    11       11      H       36.5391   30.8808   49.6113

           --------- Calculation Completed ----------

