            --------------------------------------------------------
                             AMBER SQM VERSION 19
 
                                     By
              Ross C. Walker, Michael F. Crowley, Scott Brozell,
                         Tim Giese, Andreas W. Goetz,
                        Tai-Sung Lee and David A. Case
 
            --------------------------------------------------------
 

--------------------------------------------------------------------------------
  QM CALCULATION INFO
--------------------------------------------------------------------------------

| QMMM: Citation for AMBER QMMM Run:
| QMMM: R.C. Walker, M.F. Crowley and D.A. Case, J. COMP. CHEM. 29:1019, 2008

QMMM: SINGLET STATE CALCULATION
QMMM: RHF CALCULATION, NO. OF DOUBLY OCCUPIED LEVELS =  7

| QMMM: *** Selected Hamiltonian *** 
| QMMM: AM1         

| QMMM: *** Parameter sets in use ***
| QMMM: O : M.J.S.DEWAR et al. JACS, 107, 3902, (1985)
| QMMM: H : M.J.S.DEWAR et al. JACS, 107, 3902, (1985)

| QMMM: *** SCF convergence criteria ***
| QMMM: Energy change                :  0.1D-09 kcal/mol
| QMMM: Error matrix |FP-PF|         :  0.1D+00 au
| QMMM: Density matrix change        :  0.5D-06
| QMMM: Maximum number of SCF cycles :     1000

| QMMM: *** Diagonalization Routine Information ***
| QMMM: Pseudo diagonalizations are allowed.
| QMMM: Auto diagonalization routine selection is in use.
| QMMM:
| QMMM: Timing diagonalization routines:
| QMMM:                              norbs =       10
| QMMM:    diag iterations used for timing =       20
| QMMM:
| QMMM:              Internal diag routine = 0.001558 seconds
| QMMM:                 Dspev diag routine = 0.012145 seconds
| QMMM:                Dspevd diag routine = 0.003191 seconds
| QMMM:                Dspevx diag routine = 0.029363 seconds
| QMMM:                 Dsyev diag routine = 0.003016 seconds
| QMMM:                Dsyevd diag routine = 0.002848 seconds
| QMMM:                Dsyevr diag routine = 0.004672 seconds
| QMMM:
| QMMM:                Pseudo diag routine = 0.000271 seconds
| QMMM:
| QMMM: Using internal diagonalization routine (diag_routine=1).

  QMMM: QM Region Cartesian Coordinates (*=link atom) 
  QMMM: QM_NO.   MM_NO.  ATOM         X         Y         Z
  QMMM:     1        1      O       39.4460   29.3690   50.7010
  QMMM:     2        2      O       40.6810   29.3720   49.9190
  QMMM:     3        3      H       39.7720   29.4500   51.6330
  QMMM:     4        4      H       41.0180   28.4720   50.0010

--------------------------------------------------------------------------------
  RESULTS
--------------------------------------------------------------------------------

      iter         sqm energy              rms gradient
      ----    -------------------    -----------------------
xmin    10      -35.3624 kcal/mol        0.0230 kcal/(mol*A)
  ... geometry converged !
 
 Final MO eigenvalues (eV):
 -39.8752  -32.7972  -19.8254  -18.8219  -16.2208  -13.0298  -11.4113    2.8621
   4.5727    6.1394

 Heat of formation   =        -35.36237229 kcal/mol  (       -1.53342753 eV)

 Total SCF energy    =     -15363.45243982 kcal/mol  (     -666.20929014 eV)
 Electronic energy   =     -28236.19327011 kcal/mol  (    -1224.41322016 eV)
 Core-core repulsion =      12872.74083029 kcal/mol  (      558.20393002 eV)
 
    Atomic Charges for Step       1 :
  Atom    Element       Mulliken Charge
     1      O                 -0.211
     2      O                 -0.211
     3      H                  0.211
     4      H                  0.211
 Total Mulliken Charge =      -0.000
 
                  X        Y        Z     TOTAL  
  QM DIPOLE     0.607   -0.794    0.941    1.372
 
 Final Structure

  QMMM: QM Region Cartesian Coordinates (*=link atom) 
  QMMM: QM_NO.   MM_NO.  ATOM         X         Y         Z
  QMMM:     1        1      O       39.5676   29.2089   50.7242
  QMMM:     2        2      O       40.7077   29.3624   50.1188
  QMMM:     3        3      H       39.6740   29.6228   51.6095
  QMMM:     4        4      H       40.9677   28.4689   49.8016

           --------- Calculation Completed ----------

