
          -------------------------------------------------------
          Amber 22 SANDER                              2022
          -------------------------------------------------------

| Run on 11/30/2023 at 18:52:15

|   Executable path: /software/amber22/bin/sander
| Working directory: /scratch/nayanika/gssg/mousecys/min2/qmmm
|          Hostname: methionine

  [-O]verwriting output

File Assignments:
|  MDIN: qmmm.in                                                               
| MDOUT: MouseCysGSSG.qmmm.out                                                 
|INPCRD: input.rst                                                             
|  PARM: MouseCysGSSG.prmtop                                                   
|RESTRT: MouseCysGSSG.qmmm.rst                                                 
|  REFC: input.rst                                                             
| MDVEL: mdvel                                                                 
| MDFRC: mdfrc                                                                 
|  MDEN: mden                                                                  
| MDCRD: MouseCysGSSG.qmmm.nc                                                  
|MDINFO: mdinfo                                                                
|  MTMD: mtmd                                                                  
|INPDIP: inpdip                                                                
|RSTDIP: rstdip                                                                
|INPTRA: inptraj                                                               


 Here is the input file:

QMMM 2ps                                                                       
&cntrl                                                                         
 ntx = 1, irest = 0, ntxo = 1,                                                 
 ntpr = 50, ntwx =50,ntwv=-1,                                                  
 ntf = 1, ntb = 2, dielc = 1.0,                                                
 cut = 9., nsnb = 10,                                                          
 imin = 0, ibelly = 0, iwrap = 1,                                              
 nstlim=10000, dt = 0.0002,                                                    
 temp0 = 300.0, tempi = 300.0,                                                 
 ntt = 1, vlimit = 20.0,                                                       
 ntp = 1,                                                                      
 ntc = 1, tol = 0.00001, pres0=1, comp=44.6,                                   
 jfastw=0, nscm=1000,                                                          
 ifqnt=1,infe=1,                                                               
/                                                                              
&qmmm                                                                          
qmmask = ":190 | :46@CB,HB2,HB3,SG,HG | @2379-2396 | @1216-1226 | @3031-3033", 
qmcharge=-2,                                                                   
qm_theory='EXTERN',                                                            
qmshake=0,                                                                     
writepdb=1,                                                                    
verbosity=0,                                                                   
qmcut=8.,                                                                      
qm_ewald=0,                                                                    
printcharges = 1,                                                              
printdipole = 1,                                                               
peptide_corr = 0,                                                              
/                                                                              
&orc                                                                           
 use_template=1,                                                               
/                                                                              

--------------------------------------------------------------------------------
   1.  RESOURCE   USE: 
--------------------------------------------------------------------------------

| Flags:                                                                        
 getting new box info from bottom of inpcrd
|  INFO: Old style inpcrd file read

| peek_ewald_inpcrd: Box info found
|Largest sphere to fit in unit cell has radius =    26.795
| New format PARM file being parsed.
| Version =    1.000 Date = 11/28/23 Time = 14:37:18
 NATOM  =   28458 NTYPES =      17 NBONH =   20552 MBONA  =    7944
 NTHETH =    3393 MTHETA =    2153 NPHIH =    6918 MPHIA  =    6684
 NHPARM =       0 NPARM  =       0 NNB   =   61256 NRES   =    6550
 NBONA  =    7944 NTHETA =    2153 NPHIA =    6684 NUMBND =      76
 NUMANG =     180 NPTRA  =     210 NATYP =      38 NPHB   =       0
 IFBOX  =       2 NMXRS  =      70 IFCAP =       0 NEXTRA =    6356
 NCOPY  =       0


|     Memory Use     Allocated
|     Real             2503509
|     Hollerith          91926
|     Integer          1430246
|     Max Pairs       15151039
|     nblistReal        341496
|     nblist Int        995718
|       Total            91245 kbytes

| Note: 1-4 EEL scale factors are being read from the topology file.

| Note: 1-4 VDW scale factors are being read from the topology file.
| Duplicated    0 dihedrals
| Duplicated    0 dihedrals
LOADING THE QUANTUM ATOMS AS GROUPS
     Mask :190 | :46@CB,HB2,HB3,SG,HG | @2379-2396 | @1216-1226 | @3031-3033; matches   107 atoms

     BOX TYPE: TRUNCATED OCTAHEDRON

--------------------------------------------------------------------------------
   2.  CONTROL  DATA  FOR  THE  RUN
--------------------------------------------------------------------------------

default_name                                                                    

General flags:
     imin    =       0, nmropt  =       0

Nature and format of input:
     ntx     =       1, irest   =       0, ntrx    =       1

Nature and format of output:
     ntxo    =       1, ntpr    =      50, ntrx    =       1, ntwr    =   10000
     iwrap   =       1, ntwx    =      50, ntwv    =      -1, ntwe    =       0
     ioutfm  =       1, ntwprt  =       0, idecomp =       0, rbornstat=      0

Potential function:
     ntf     =       1, ntb     =       2, igb     =       0, nsnb    =      10
     ipol    =       0, gbsa    =       0, iesp    =       0
     dielc   =   1.00000, cut     =   9.00000, intdiel =   1.00000

Frozen or restrained atoms:
     ibelly  =       0, ntr     =       0

Molecular dynamics:
     nstlim  =     10000, nscm    =      1000, nrespa  =         1
     t       =   0.00000, dt      =   0.00020, vlimit  =  20.00000

Berendsen (weak-coupling) temperature regulation:
     temp0   = 300.00000, tempi   = 300.00000, tautp   =   1.00000

Pressure regulation:
     ntp     =       1
     pres0   =   1.00000, comp    =  44.60000, taup    =   1.00000

Extra-points options:
     frameon =       1, chngmask=       1

Ewald parameters:
     verbose =       0, ew_type =       0, nbflag  =       1, use_pme =       1
     vdwmeth =       1, eedmeth =       1, netfrc  =       1
     Box X =   65.635   Box Y =   65.635   Box Z =   65.635
     Alpha =  109.471   Beta  =  109.471   Gamma =  109.471
     NFFT1 =   72       NFFT2 =   72       NFFT3 =   72
     Cutoff=    9.000   Tol   =0.100E-04
     Ewald Coefficient =  0.30768
     Interpolation order =    4

QMMM options:
             ifqnt = True       nquant =      107
              qmgb =        0  qmcharge =       -2   adjust_q =        2
              spin =        1     qmcut =   8.0000    qmshake =        0
          qmmm_int =        1
     lnk_atomic_no =        1   lnk_dis =   1.0900 lnk_method =        1
          qm_theory =     EXTERN verbosity =        0
            qmqmdx = Analytical
          qm_ewald =        0 qm_pme = False 
|      EXTRA_PTS, trim_bonds: num bonds BEFORE trim = 20552     0
|      EXTRA_PTS, trim_bonds: num bonds AFTER  trim = 20552     0
|      EXTRA_PTS, trim_bonds: num bonds BEFORE trim =  7944     0
|      EXTRA_PTS, trim_bonds: num bonds AFTER  trim =  1588     0
|      EXTRA_PTS, trim_theta: num angle BEFORE trim =  3393     0
|      EXTRA_PTS, trim_theta: num angle AFTER  trim =  3393     0
|      EXTRA_PTS, trim_theta: num angle BEFORE trim =  2153     0
|      EXTRA_PTS, trim_theta: num angle AFTER  trim =  2153     0
|      EXTRA_PTS, trim_phi:  num diheds BEFORE trim =  6918     0
|      EXTRA_PTS, trim_phi:  num diheds AFTER  trim =  6918     0
|      EXTRA_PTS, trim_phi:  num diheds BEFORE trim =  6684     0
|      EXTRA_PTS, trim_phi:  num diheds AFTER  trim =  6684     0

--------------------------------------------------------------------------------
   3.  ATOMIC COORDINATES AND VELOCITIES
--------------------------------------------------------------------------------

Cpptraj Generated Restart                                                       
 begin time read from input coords =102220.000 ps

 Number of triangulated 3-point waters found:     6356

     Sum of charges from parm topology file =   0.00303479
     Forcing neutrality...
QMMM: ADJUSTING CHARGES
QMMM: ----------------------------------------------------------------------
QMMM: adjust_q = 2
QMMM: Uniformly adjusting the charge of MM atoms to conserve total charge.
QMMM:                             qm_charge =   -2
QMMM: QM atom RESP charge sum (inc MM link) =    3.036
QMMM: Adjusting each MM atom resp charge by =    0.000
QMMM:          Sum of MM + QM region is now =    0.000
QMMM: ----------------------------------------------------------------------
|  # of SOLUTE  degrees of freedom (RNDFP):   85374.
|  # of SOLVENT degrees of freedom (RNDFS):       0.
|  QMSHAKE_NOSHAKEMASK_OVERLAP =      0
|  NDFMIN =   85371.     NUM_NOSHAKE =      0     CORRECTED RNDFP =   85371.
|  TOTAL # of degrees of freedom (RNDF) =   85371.
 ---------------------------------------------------
 APPROXIMATING switch and d/dx switch using CUBIC SPLINE INTERPOLATION
 using   5000.0 points per unit in tabled values
 TESTING RELATIVE ERROR over r ranging from 0.0 to cutoff
| CHECK switch(x): max rel err =   0.2738E-14   at   2.422500
| CHECK d/dx switch(x): max rel err =   0.8314E-11   at   2.736960
 ---------------------------------------------------
| Local SIZE OF NONBOND LIST =   10322596
| TOTAL SIZE OF NONBOND LIST =   10322596
  ****************************************************
  ERROR: QM region + cutoff larger than box dimension:
  QM-MM Cutoff =   8.0000
   Coord   Lower     Upper    Size    Radius of largest sphere inside unit cell
     X   -39.230    36.744    75.974    26.795
     Y   -23.851    45.481    69.332    26.795
     Z   -32.076    14.101    46.177    26.795
  ****************************************************
 SANDER BOMB in subroutine QM_CHECK_PERIODIC<qm_mm.f>
 QM region + cutoff larger than box
 cannot continue, need larger box.
